[2023-04-03T10:12:54.610+0000] {taskinstance.py:1083} INFO - Dependencies all met for <TaskInstance: pokeapi_dag.extract_pokemon manual__2023-04-03T10:12:51.148558+00:00 [queued]>
[2023-04-03T10:12:54.616+0000] {taskinstance.py:1083} INFO - Dependencies all met for <TaskInstance: pokeapi_dag.extract_pokemon manual__2023-04-03T10:12:51.148558+00:00 [queued]>
[2023-04-03T10:12:54.616+0000] {taskinstance.py:1279} INFO - 
--------------------------------------------------------------------------------
[2023-04-03T10:12:54.617+0000] {taskinstance.py:1280} INFO - Starting attempt 1 of 2
[2023-04-03T10:12:54.617+0000] {taskinstance.py:1281} INFO - 
--------------------------------------------------------------------------------
[2023-04-03T10:12:54.641+0000] {taskinstance.py:1300} INFO - Executing <Task(PythonOperator): extract_pokemon> on 2023-04-03 10:12:51.148558+00:00
[2023-04-03T10:12:54.752+0000] {standard_task_runner.py:55} INFO - Started process 3256 to run task
[2023-04-03T10:12:54.762+0000] {standard_task_runner.py:82} INFO - Running: ['airflow', 'tasks', 'run', 'pokeapi_dag', 'extract_pokemon', 'manual__2023-04-03T10:12:51.148558+00:00', '--job-id', '496', '--raw', '--subdir', 'DAGS_FOLDER/pokebase_to_s3.py', '--cfg-path', '/tmp/tmptjmn97c8']
[2023-04-03T10:12:54.766+0000] {standard_task_runner.py:83} INFO - Job 496: Subtask extract_pokemon
[2023-04-03T10:12:54.860+0000] {task_command.py:388} INFO - Running <TaskInstance: pokeapi_dag.extract_pokemon manual__2023-04-03T10:12:51.148558+00:00 [running]> on host 59f4bcb29cab
[2023-04-03T10:12:54.920+0000] {taskinstance.py:1507} INFO - Exporting the following env vars:
AIRFLOW_CTX_DAG_OWNER=airflow
AIRFLOW_CTX_DAG_ID=pokeapi_dag
AIRFLOW_CTX_TASK_ID=extract_pokemon
AIRFLOW_CTX_EXECUTION_DATE=2023-04-03T10:12:51.148558+00:00
AIRFLOW_CTX_TRY_NUMBER=1
AIRFLOW_CTX_DAG_RUN_ID=manual__2023-04-03T10:12:51.148558+00:00
[2023-04-03T10:14:56.850+0000] {python.py:177} INFO - Done. Returned value was: None
[2023-04-03T10:14:56.854+0000] {taskinstance.py:1318} INFO - Marking task as SUCCESS. dag_id=pokeapi_dag, task_id=extract_pokemon, execution_date=20230403T101251, start_date=20230403T101254, end_date=20230403T101456
[2023-04-03T10:14:56.889+0000] {local_task_job.py:208} INFO - Task exited with return code 0
[2023-04-03T10:14:56.901+0000] {taskinstance.py:2578} INFO - 1 downstream tasks scheduled from follow-on schedule check
