[2023-04-03T10:50:07.961+0000] {taskinstance.py:1083} INFO - Dependencies all met for <TaskInstance: pokeapi_dag.extract_moves manual__2023-04-03T10:45:29.235749+00:00 [queued]>
[2023-04-03T10:50:07.970+0000] {taskinstance.py:1083} INFO - Dependencies all met for <TaskInstance: pokeapi_dag.extract_moves manual__2023-04-03T10:45:29.235749+00:00 [queued]>
[2023-04-03T10:50:07.970+0000] {taskinstance.py:1279} INFO - 
--------------------------------------------------------------------------------
[2023-04-03T10:50:07.971+0000] {taskinstance.py:1280} INFO - Starting attempt 1 of 2
[2023-04-03T10:50:07.971+0000] {taskinstance.py:1281} INFO - 
--------------------------------------------------------------------------------
[2023-04-03T10:50:08.091+0000] {taskinstance.py:1300} INFO - Executing <Task(PythonOperator): extract_moves> on 2023-04-03 10:45:29.235749+00:00
[2023-04-03T10:50:08.097+0000] {standard_task_runner.py:55} INFO - Started process 17242 to run task
[2023-04-03T10:50:08.103+0000] {standard_task_runner.py:82} INFO - Running: ['airflow', 'tasks', 'run', 'pokeapi_dag', 'extract_moves', 'manual__2023-04-03T10:45:29.235749+00:00', '--job-id', '505', '--raw', '--subdir', 'DAGS_FOLDER/pokebase_to_s3.py', '--cfg-path', '/tmp/tmpicz_56e0']
[2023-04-03T10:50:08.104+0000] {standard_task_runner.py:83} INFO - Job 505: Subtask extract_moves
[2023-04-03T10:50:08.147+0000] {task_command.py:388} INFO - Running <TaskInstance: pokeapi_dag.extract_moves manual__2023-04-03T10:45:29.235749+00:00 [running]> on host 59f4bcb29cab
[2023-04-03T10:50:08.201+0000] {taskinstance.py:1507} INFO - Exporting the following env vars:
AIRFLOW_CTX_DAG_OWNER=airflow
AIRFLOW_CTX_DAG_ID=pokeapi_dag
AIRFLOW_CTX_TASK_ID=extract_moves
AIRFLOW_CTX_EXECUTION_DATE=2023-04-03T10:45:29.235749+00:00
AIRFLOW_CTX_TRY_NUMBER=1
AIRFLOW_CTX_DAG_RUN_ID=manual__2023-04-03T10:45:29.235749+00:00
[2023-04-03T10:53:16.727+0000] {python.py:177} INFO - Done. Returned value was: None
[2023-04-03T10:53:16.731+0000] {taskinstance.py:1318} INFO - Marking task as SUCCESS. dag_id=pokeapi_dag, task_id=extract_moves, execution_date=20230403T104529, start_date=20230403T105007, end_date=20230403T105316
[2023-04-03T10:53:16.766+0000] {local_task_job.py:208} INFO - Task exited with return code 0
[2023-04-03T10:53:16.776+0000] {taskinstance.py:2578} INFO - 1 downstream tasks scheduled from follow-on schedule check
