[2023-04-03T10:22:30.848+0000] {taskinstance.py:1083} INFO - Dependencies all met for <TaskInstance: pokeapi_dag.extract_generations manual__2023-04-03T10:20:17.209835+00:00 [queued]>
[2023-04-03T10:22:30.853+0000] {taskinstance.py:1083} INFO - Dependencies all met for <TaskInstance: pokeapi_dag.extract_generations manual__2023-04-03T10:20:17.209835+00:00 [queued]>
[2023-04-03T10:22:30.853+0000] {taskinstance.py:1279} INFO - 
--------------------------------------------------------------------------------
[2023-04-03T10:22:30.854+0000] {taskinstance.py:1280} INFO - Starting attempt 1 of 2
[2023-04-03T10:22:30.854+0000] {taskinstance.py:1281} INFO - 
--------------------------------------------------------------------------------
[2023-04-03T10:22:30.930+0000] {taskinstance.py:1300} INFO - Executing <Task(PythonOperator): extract_generations> on 2023-04-03 10:20:17.209835+00:00
[2023-04-03T10:22:30.933+0000] {standard_task_runner.py:55} INFO - Started process 8367 to run task
[2023-04-03T10:22:30.935+0000] {standard_task_runner.py:82} INFO - Running: ['airflow', 'tasks', 'run', 'pokeapi_dag', 'extract_generations', 'manual__2023-04-03T10:20:17.209835+00:00', '--job-id', '500', '--raw', '--subdir', 'DAGS_FOLDER/pokebase_to_s3.py', '--cfg-path', '/tmp/tmp9u5tc6ik']
[2023-04-03T10:22:30.936+0000] {standard_task_runner.py:83} INFO - Job 500: Subtask extract_generations
[2023-04-03T10:22:30.971+0000] {task_command.py:388} INFO - Running <TaskInstance: pokeapi_dag.extract_generations manual__2023-04-03T10:20:17.209835+00:00 [running]> on host 59f4bcb29cab
[2023-04-03T10:22:31.025+0000] {taskinstance.py:1507} INFO - Exporting the following env vars:
AIRFLOW_CTX_DAG_OWNER=airflow
AIRFLOW_CTX_DAG_ID=pokeapi_dag
AIRFLOW_CTX_TASK_ID=extract_generations
AIRFLOW_CTX_EXECUTION_DATE=2023-04-03T10:20:17.209835+00:00
AIRFLOW_CTX_TRY_NUMBER=1
AIRFLOW_CTX_DAG_RUN_ID=manual__2023-04-03T10:20:17.209835+00:00
[2023-04-03T10:22:34.852+0000] {python.py:177} INFO - Done. Returned value was: None
[2023-04-03T10:22:34.855+0000] {taskinstance.py:1318} INFO - Marking task as SUCCESS. dag_id=pokeapi_dag, task_id=extract_generations, execution_date=20230403T102017, start_date=20230403T102230, end_date=20230403T102234
[2023-04-03T10:22:34.916+0000] {local_task_job.py:208} INFO - Task exited with return code 0
[2023-04-03T10:22:34.927+0000] {taskinstance.py:2578} INFO - 1 downstream tasks scheduled from follow-on schedule check
