

============================== 2023-04-03 11:21:39.955890 | 16c5b93b-b971-471c-81a2-337efa4bfc54 ==============================
[0m11:21:39.955890 [info ] [MainThread]: Running with dbt=1.4.5
[0m11:21:39.958513 [debug] [MainThread]: running dbt with arguments {'write_json': True, 'use_colors': True, 'printer_width': 80, 'version_check': True, 'partial_parse': True, 'static_parser': True, 'profiles_dir': '/home/vscode/.dbt', 'send_anonymous_usage_stats': True, 'quiet': False, 'no_print': False, 'cache_selected_only': False, 'skip_profile_setup': False, 'which': 'init', 'indirect_selection': 'eager'}
[0m11:21:39.959378 [debug] [MainThread]: Tracking: tracking
[0m11:21:39.961952 [debug] [MainThread]: Sending event: {'category': 'dbt', 'action': 'invocation', 'label': 'start', 'context': [<snowplow_tracker.self_describing_json.SelfDescribingJson object at 0x7fd4507a79d0>, <snowplow_tracker.self_describing_json.SelfDescribingJson object at 0x7fd4507a6980>, <snowplow_tracker.self_describing_json.SelfDescribingJson object at 0x7fd4507a7670>]}
[0m11:21:39.963150 [info ] [MainThread]: Creating dbt configuration folder at /home/vscode/.dbt
[0m11:22:50.827307 [debug] [MainThread]: Starter project path: /usr/local/lib/python3.10/site-packages/dbt/include/starter_project
[0m11:24:34.226099 [debug] [MainThread]: Sending event: {'category': 'dbt', 'action': 'invocation', 'label': 'end', 'context': [<snowplow_tracker.self_describing_json.SelfDescribingJson object at 0x7fd425703160>, <snowplow_tracker.self_describing_json.SelfDescribingJson object at 0x7fd425702140>, <snowplow_tracker.self_describing_json.SelfDescribingJson object at 0x7fd425702440>]}
[0m11:24:34.227689 [debug] [MainThread]: Flushing usage events
[0m11:24:34.803949 [error] [MainThread]: Encountered an error:

[0m11:24:34.807282 [error] [MainThread]: Traceback (most recent call last):
  File "/usr/local/lib/python3.10/site-packages/dbt/main.py", line 136, in main
    results, succeeded = handle_and_check(args)
  File "/usr/local/lib/python3.10/site-packages/dbt/main.py", line 206, in handle_and_check
    task, res = run_from_args(parsed)
  File "/usr/local/lib/python3.10/site-packages/dbt/main.py", line 253, in run_from_args
    results = task.run()
  File "/usr/local/lib/python3.10/site-packages/dbt/task/init.py", line 305, in run
    self.create_profile_from_target(adapter, profile_name=project_name)
  File "/usr/local/lib/python3.10/site-packages/dbt/task/init.py", line 180, in create_profile_from_target
    self.create_profile_from_profile_template(profile_template, profile_name)
  File "/usr/local/lib/python3.10/site-packages/dbt/task/init.py", line 164, in create_profile_from_profile_template
    target = self.generate_target_from_input(prompts, initial_target)
  File "/usr/local/lib/python3.10/site-packages/dbt/task/init.py", line 130, in generate_target_from_input
    target[key] = click.prompt(
  File "/usr/local/lib/python3.10/site-packages/click/termui.py", line 166, in prompt
    value = prompt_func(prompt)
  File "/usr/local/lib/python3.10/site-packages/click/termui.py", line 149, in prompt_func
    raise Abort() from None
click.exceptions.Abort

