[2023-04-03T10:53:24.918+0000] {taskinstance.py:1083} INFO - Dependencies all met for <TaskInstance: pokeapi_dag.extract_base_stats manual__2023-04-03T10:45:29.235749+00:00 [queued]>
[2023-04-03T10:53:24.924+0000] {taskinstance.py:1083} INFO - Dependencies all met for <TaskInstance: pokeapi_dag.extract_base_stats manual__2023-04-03T10:45:29.235749+00:00 [queued]>
[2023-04-03T10:53:24.924+0000] {taskinstance.py:1279} INFO - 
--------------------------------------------------------------------------------
[2023-04-03T10:53:24.925+0000] {taskinstance.py:1280} INFO - Starting attempt 1 of 2
[2023-04-03T10:53:24.925+0000] {taskinstance.py:1281} INFO - 
--------------------------------------------------------------------------------
[2023-04-03T10:53:25.020+0000] {taskinstance.py:1300} INFO - Executing <Task(PythonOperator): extract_base_stats> on 2023-04-03 10:45:29.235749+00:00
[2023-04-03T10:53:25.024+0000] {standard_task_runner.py:55} INFO - Started process 17943 to run task
[2023-04-03T10:53:25.026+0000] {standard_task_runner.py:82} INFO - Running: ['airflow', 'tasks', 'run', 'pokeapi_dag', 'extract_base_stats', 'manual__2023-04-03T10:45:29.235749+00:00', '--job-id', '507', '--raw', '--subdir', 'DAGS_FOLDER/pokebase_to_s3.py', '--cfg-path', '/tmp/tmpezwxzgpv']
[2023-04-03T10:53:25.027+0000] {standard_task_runner.py:83} INFO - Job 507: Subtask extract_base_stats
[2023-04-03T10:53:25.082+0000] {task_command.py:388} INFO - Running <TaskInstance: pokeapi_dag.extract_base_stats manual__2023-04-03T10:45:29.235749+00:00 [running]> on host 59f4bcb29cab
[2023-04-03T10:53:25.142+0000] {taskinstance.py:1507} INFO - Exporting the following env vars:
AIRFLOW_CTX_DAG_OWNER=airflow
AIRFLOW_CTX_DAG_ID=pokeapi_dag
AIRFLOW_CTX_TASK_ID=extract_base_stats
AIRFLOW_CTX_EXECUTION_DATE=2023-04-03T10:45:29.235749+00:00
AIRFLOW_CTX_TRY_NUMBER=1
AIRFLOW_CTX_DAG_RUN_ID=manual__2023-04-03T10:45:29.235749+00:00
[2023-04-03T10:56:28.385+0000] {python.py:177} INFO - Done. Returned value was: None
[2023-04-03T10:56:28.390+0000] {taskinstance.py:1318} INFO - Marking task as SUCCESS. dag_id=pokeapi_dag, task_id=extract_base_stats, execution_date=20230403T104529, start_date=20230403T105324, end_date=20230403T105628
[2023-04-03T10:56:28.425+0000] {local_task_job.py:208} INFO - Task exited with return code 0
[2023-04-03T10:56:28.433+0000] {taskinstance.py:2578} INFO - 0 downstream tasks scheduled from follow-on schedule check
